  [1m[35m (607.4ms)[0m  [1m[35mCREATE DATABASE "todo_development" ENCODING = 'unicode'[0m
  ↳ bin/rails:9
  [1m[35m (454.1ms)[0m  [1m[35mCREATE DATABASE "todo_test" ENCODING = 'unicode'[0m
  ↳ bin/rails:9
  [1m[35m (260.0ms)[0m  [1m[35mDROP DATABASE IF EXISTS "todo_development"[0m
  ↳ bin/rails:9
  [1m[35m (207.8ms)[0m  [1m[35mDROP DATABASE IF EXISTS "todo_test"[0m
  ↳ bin/rails:9
  [1m[35m (721.1ms)[0m  [1m[35mCREATE DATABASE "todo_development" ENCODING = 'unicode'[0m
  ↳ bin/rails:9
  [1m[35m (441.0ms)[0m  [1m[35mCREATE DATABASE "todo_test" ENCODING = 'unicode'[0m
  ↳ bin/rails:9
  [1m[35m (222.3ms)[0m  [1m[35mDROP DATABASE IF EXISTS "todo_development"[0m
  ↳ bin/rails:9
  [1m[35m (227.9ms)[0m  [1m[35mDROP DATABASE IF EXISTS "todo_test"[0m
  ↳ bin/rails:9
  [1m[35m (542.9ms)[0m  [1m[35mCREATE DATABASE "todo_development" ENCODING = 'unicode'[0m
  ↳ bin/rails:9
  [1m[35m (436.8ms)[0m  [1m[35mCREATE DATABASE "todo_test" ENCODING = 'unicode'[0m
  ↳ bin/rails:9
  [1m[35m (20.9ms)[0m  [1m[35mCREATE TABLE "schema_migrations" ("version" character varying NOT NULL PRIMARY KEY)[0m
  ↳ bin/rails:9
  [1m[35m (46.0ms)[0m  [1m[35mCREATE TABLE "ar_internal_metadata" ("key" character varying NOT NULL PRIMARY KEY, "value" character varying, "created_at" timestamp NOT NULL, "updated_at" timestamp NOT NULL)[0m
  ↳ bin/rails:9
  [1m[35m (1.3ms)[0m  [1m[34mSELECT pg_try_advisory_lock(5790848985702910395)[0m
  ↳ bin/rails:9
  [1m[35m (1.7ms)[0m  [1m[34mSELECT "schema_migrations"."version" FROM "schema_migrations" ORDER BY "schema_migrations"."version" ASC[0m
  ↳ bin/rails:9
Migrating to CreateTodos (20190926215201)
  [1m[35m (33.4ms)[0m  [1m[35mBEGIN[0m
  ↳ bin/rails:9
  [1m[35m (41.7ms)[0m  [1m[35mCREATE TABLE "todos" ("id" bigserial primary key, "title" character varying NOT NULL, "body" character varying NOT NULL, "done" boolean NOT NULL, "created_at" timestamp NOT NULL, "updated_at" timestamp NOT NULL)[0m
  ↳ db/migrate/20190926215201_create_todos.rb:3
  [1m[36mActiveRecord::SchemaMigration Create (39.6ms)[0m  [1m[32mINSERT INTO "schema_migrations" ("version") VALUES ($1) RETURNING "version"[0m  [["version", "20190926215201"]]
  ↳ bin/rails:9
  [1m[35m (0.5ms)[0m  [1m[35mCOMMIT[0m
  ↳ bin/rails:9
  [1m[36mActiveRecord::InternalMetadata Load (0.8ms)[0m  [1m[34mSELECT  "ar_internal_metadata".* FROM "ar_internal_metadata" WHERE "ar_internal_metadata"."key" = $1 LIMIT $2[0m  [["key", "environment"], ["LIMIT", 1]]
  ↳ bin/rails:9
  [1m[35m (0.2ms)[0m  [1m[35mBEGIN[0m
  ↳ bin/rails:9
  [1m[36mActiveRecord::InternalMetadata Create (1.1ms)[0m  [1m[32mINSERT INTO "ar_internal_metadata" ("key", "value", "created_at", "updated_at") VALUES ($1, $2, $3, $4) RETURNING "key"[0m  [["key", "environment"], ["value", "development"], ["created_at", "2019-09-26 22:06:46.413236"], ["updated_at", "2019-09-26 22:06:46.413236"]]
  ↳ bin/rails:9
  [1m[35m (0.3ms)[0m  [1m[35mCOMMIT[0m
  ↳ bin/rails:9
  [1m[35m (0.2ms)[0m  [1m[34mSELECT pg_advisory_unlock(5790848985702910395)[0m
  ↳ bin/rails:9
  [1m[35m (0.4ms)[0m  [1m[34mSELECT "schema_migrations"."version" FROM "schema_migrations" ORDER BY "schema_migrations"."version" ASC[0m
  ↳ bin/rails:9
Started GET "/" for ::1 at 2019-09-26 15:07:18 -0700
  [1m[35m (1.2ms)[0m  [1m[34mSELECT "schema_migrations"."version" FROM "schema_migrations" ORDER BY "schema_migrations"."version" ASC[0m
  ↳ /Users/user/.rbenv/versions/2.5.1/lib/ruby/gems/2.5.0/gems/activerecord-5.2.3/lib/active_record/log_subscriber.rb:98
Processing by Rails::WelcomeController#index as HTML
  Rendering /Users/user/.rbenv/versions/2.5.1/lib/ruby/gems/2.5.0/gems/railties-5.2.3/lib/rails/templates/rails/welcome/index.html.erb
  Rendered /Users/user/.rbenv/versions/2.5.1/lib/ruby/gems/2.5.0/gems/railties-5.2.3/lib/rails/templates/rails/welcome/index.html.erb (5.4ms)
Completed 200 OK in 28ms (Views: 14.9ms | ActiveRecord: 0.0ms)


Started GET "/" for 127.0.0.1 at 2019-09-26 15:07:24 -0700
Processing by Rails::WelcomeController#index as HTML
  Rendering /Users/user/.rbenv/versions/2.5.1/lib/ruby/gems/2.5.0/gems/railties-5.2.3/lib/rails/templates/rails/welcome/index.html.erb
  Rendered /Users/user/.rbenv/versions/2.5.1/lib/ruby/gems/2.5.0/gems/railties-5.2.3/lib/rails/templates/rails/welcome/index.html.erb (3.4ms)
Completed 200 OK in 13ms (Views: 8.3ms | ActiveRecord: 0.0ms)


Started GET "/index.html" for ::1 at 2019-09-26 15:07:32 -0700
  
ActionController::RoutingError (No route matches [GET] "/index.html"):
  
actionpack (5.2.3) lib/action_dispatch/middleware/debug_exceptions.rb:65:in `call'
web-console (3.7.0) lib/web_console/middleware.rb:135:in `call_app'
web-console (3.7.0) lib/web_console/middleware.rb:30:in `block in call'
web-console (3.7.0) lib/web_console/middleware.rb:20:in `catch'
web-console (3.7.0) lib/web_console/middleware.rb:20:in `call'
actionpack (5.2.3) lib/action_dispatch/middleware/show_exceptions.rb:33:in `call'
railties (5.2.3) lib/rails/rack/logger.rb:38:in `call_app'
railties (5.2.3) lib/rails/rack/logger.rb:26:in `block in call'
activesupport (5.2.3) lib/active_support/tagged_logging.rb:71:in `block in tagged'
activesupport (5.2.3) lib/active_support/tagged_logging.rb:28:in `tagged'
activesupport (5.2.3) lib/active_support/tagged_logging.rb:71:in `tagged'
railties (5.2.3) lib/rails/rack/logger.rb:26:in `call'
sprockets-rails (3.2.1) lib/sprockets/rails/quiet_assets.rb:13:in `call'
actionpack (5.2.3) lib/action_dispatch/middleware/remote_ip.rb:81:in `call'
actionpack (5.2.3) lib/action_dispatch/middleware/request_id.rb:27:in `call'
rack (2.0.7) lib/rack/method_override.rb:22:in `call'
rack (2.0.7) lib/rack/runtime.rb:22:in `call'
activesupport (5.2.3) lib/active_support/cache/strategy/local_cache_middleware.rb:29:in `call'
actionpack (5.2.3) lib/action_dispatch/middleware/executor.rb:14:in `call'
actionpack (5.2.3) lib/action_dispatch/middleware/static.rb:127:in `call'
rack (2.0.7) lib/rack/sendfile.rb:111:in `call'
railties (5.2.3) lib/rails/engine.rb:524:in `call'
puma (3.12.1) lib/puma/configuration.rb:227:in `call'
puma (3.12.1) lib/puma/server.rb:660:in `handle_request'
puma (3.12.1) lib/puma/server.rb:474:in `process_client'
puma (3.12.1) lib/puma/server.rb:334:in `block in run'
puma (3.12.1) lib/puma/thread_pool.rb:135:in `block in spawn_thread'
Started GET "/" for 127.0.0.1 at 2019-09-26 15:08:11 -0700

SyntaxError - syntax error, unexpected ':', expecting keyword_end
    render: root
          ^:
  app/controllers/static_pages_controller.rb:3:in `'

Started POST "/__better_errors/cbd65d8f20155fe6/variables" for 127.0.0.1 at 2019-09-26 15:08:11 -0700
Started GET "/" for 127.0.0.1 at 2019-09-26 15:08:34 -0700

SyntaxError - syntax error, unexpected ':', expecting keyword_end
    render: :root
          ^:
  app/controllers/static_pages_controller.rb:3:in `'

Started POST "/__better_errors/db731d5b9a8e6978/variables" for 127.0.0.1 at 2019-09-26 15:08:34 -0700
Started GET "/index.html" for ::1 at 2019-09-26 15:08:38 -0700
  
ActionController::RoutingError (No route matches [GET] "/index.html"):
  
actionpack (5.2.3) lib/action_dispatch/middleware/debug_exceptions.rb:65:in `call'
web-console (3.7.0) lib/web_console/middleware.rb:135:in `call_app'
web-console (3.7.0) lib/web_console/middleware.rb:30:in `block in call'
web-console (3.7.0) lib/web_console/middleware.rb:20:in `catch'
web-console (3.7.0) lib/web_console/middleware.rb:20:in `call'
actionpack (5.2.3) lib/action_dispatch/middleware/show_exceptions.rb:33:in `call'
railties (5.2.3) lib/rails/rack/logger.rb:38:in `call_app'
railties (5.2.3) lib/rails/rack/logger.rb:26:in `block in call'
activesupport (5.2.3) lib/active_support/tagged_logging.rb:71:in `block in tagged'
activesupport (5.2.3) lib/active_support/tagged_logging.rb:28:in `tagged'
activesupport (5.2.3) lib/active_support/tagged_logging.rb:71:in `tagged'
railties (5.2.3) lib/rails/rack/logger.rb:26:in `call'
sprockets-rails (3.2.1) lib/sprockets/rails/quiet_assets.rb:13:in `call'
actionpack (5.2.3) lib/action_dispatch/middleware/remote_ip.rb:81:in `call'
actionpack (5.2.3) lib/action_dispatch/middleware/request_id.rb:27:in `call'
rack (2.0.7) lib/rack/method_override.rb:22:in `call'
rack (2.0.7) lib/rack/runtime.rb:22:in `call'
activesupport (5.2.3) lib/active_support/cache/strategy/local_cache_middleware.rb:29:in `call'
actionpack (5.2.3) lib/action_dispatch/middleware/executor.rb:14:in `call'
actionpack (5.2.3) lib/action_dispatch/middleware/static.rb:127:in `call'
rack (2.0.7) lib/rack/sendfile.rb:111:in `call'
railties (5.2.3) lib/rails/engine.rb:524:in `call'
puma (3.12.1) lib/puma/configuration.rb:227:in `call'
puma (3.12.1) lib/puma/server.rb:660:in `handle_request'
puma (3.12.1) lib/puma/server.rb:474:in `process_client'
puma (3.12.1) lib/puma/server.rb:334:in `block in run'
puma (3.12.1) lib/puma/thread_pool.rb:135:in `block in spawn_thread'
Started GET "/" for 127.0.0.1 at 2019-09-26 15:08:39 -0700
Processing by StaticPagesController#root as HTML
  Rendering static_pages/root.html within layouts/application
  Rendered static_pages/root.html within layouts/application (0.4ms)
Completed 200 OK in 1616ms (Views: 1615.3ms | ActiveRecord: 0.0ms)


Started GET "/" for 127.0.0.1 at 2019-09-26 15:08:45 -0700
Processing by StaticPagesController#root as HTML
  Rendering static_pages/root.html within layouts/application
  Rendered static_pages/root.html within layouts/application (0.8ms)
Completed 200 OK in 56ms (Views: 55.3ms | ActiveRecord: 0.0ms)


Started GET "/root.html" for ::1 at 2019-09-26 15:08:48 -0700
  
ActionController::RoutingError (No route matches [GET] "/root.html"):
  
actionpack (5.2.3) lib/action_dispatch/middleware/debug_exceptions.rb:65:in `call'
web-console (3.7.0) lib/web_console/middleware.rb:135:in `call_app'
web-console (3.7.0) lib/web_console/middleware.rb:30:in `block in call'
web-console (3.7.0) lib/web_console/middleware.rb:20:in `catch'
web-console (3.7.0) lib/web_console/middleware.rb:20:in `call'
actionpack (5.2.3) lib/action_dispatch/middleware/show_exceptions.rb:33:in `call'
railties (5.2.3) lib/rails/rack/logger.rb:38:in `call_app'
railties (5.2.3) lib/rails/rack/logger.rb:26:in `block in call'
activesupport (5.2.3) lib/active_support/tagged_logging.rb:71:in `block in tagged'
activesupport (5.2.3) lib/active_support/tagged_logging.rb:28:in `tagged'
activesupport (5.2.3) lib/active_support/tagged_logging.rb:71:in `tagged'
railties (5.2.3) lib/rails/rack/logger.rb:26:in `call'
sprockets-rails (3.2.1) lib/sprockets/rails/quiet_assets.rb:13:in `call'
actionpack (5.2.3) lib/action_dispatch/middleware/remote_ip.rb:81:in `call'
actionpack (5.2.3) lib/action_dispatch/middleware/request_id.rb:27:in `call'
rack (2.0.7) lib/rack/method_override.rb:22:in `call'
rack (2.0.7) lib/rack/runtime.rb:22:in `call'
activesupport (5.2.3) lib/active_support/cache/strategy/local_cache_middleware.rb:29:in `call'
actionpack (5.2.3) lib/action_dispatch/middleware/executor.rb:14:in `call'
actionpack (5.2.3) lib/action_dispatch/middleware/static.rb:127:in `call'
rack (2.0.7) lib/rack/sendfile.rb:111:in `call'
railties (5.2.3) lib/rails/engine.rb:524:in `call'
puma (3.12.1) lib/puma/configuration.rb:227:in `call'
puma (3.12.1) lib/puma/server.rb:660:in `handle_request'
puma (3.12.1) lib/puma/server.rb:474:in `process_client'
puma (3.12.1) lib/puma/server.rb:334:in `block in run'
puma (3.12.1) lib/puma/thread_pool.rb:135:in `block in spawn_thread'
Started GET "/" for ::1 at 2019-09-26 15:09:11 -0700
Processing by StaticPagesController#root as HTML
  Rendering static_pages/root.html within layouts/application
  Rendered static_pages/root.html within layouts/application (0.4ms)
Completed 200 OK in 84ms (Views: 83.4ms | ActiveRecord: 0.0ms)


Started GET "/" for 127.0.0.1 at 2019-09-26 15:09:25 -0700
Processing by StaticPagesController#root as HTML
  Rendering static_pages/root.html within layouts/application
  Rendered static_pages/root.html within layouts/application (0.3ms)
Completed 200 OK in 26ms (Views: 25.4ms | ActiveRecord: 0.0ms)


Started GET "/" for ::1 at 2019-09-26 15:17:43 -0700
Processing by StaticPagesController#root as HTML
  Rendering static_pages/root.html within layouts/application
  Rendered static_pages/root.html within layouts/application (0.4ms)
Completed 200 OK in 1111ms (Views: 1110.4ms | ActiveRecord: 0.0ms)


Started GET "/" for ::1 at 2019-09-26 15:18:16 -0700
Processing by StaticPagesController#root as HTML
  Rendering static_pages/root.html within layouts/application
  Rendered static_pages/root.html within layouts/application (0.4ms)
Completed 200 OK in 67ms (Views: 66.9ms | ActiveRecord: 0.0ms)


Started GET "/" for ::1 at 2019-09-26 15:18:40 -0700
  [1m[35m (41.8ms)[0m  [1m[34mSELECT "schema_migrations"."version" FROM "schema_migrations" ORDER BY "schema_migrations"."version" ASC[0m
  ↳ /Users/user/.rbenv/versions/2.5.1/lib/ruby/gems/2.5.0/gems/activerecord-5.2.3/lib/active_record/log_subscriber.rb:98
Processing by StaticPagesController#root as HTML
  Rendering static_pages/root.html within layouts/application
  Rendered static_pages/root.html within layouts/application (2.5ms)
Started GET "/" for 127.0.0.1 at 2019-09-26 15:18:42 -0700
Processing by StaticPagesController#root as HTML
  Rendering static_pages/root.html within layouts/application
  Rendered static_pages/root.html within layouts/application (0.3ms)
Completed 200 OK in 2502ms (Views: 2500.9ms | ActiveRecord: 0.0ms)


Completed 200 OK in 1907ms (Views: 1906.3ms | ActiveRecord: 0.0ms)


Started GET "/" for ::1 at 2019-09-26 15:19:26 -0700
Processing by StaticPagesController#root as HTML
  Rendering static_pages/root.html within layouts/application
  Rendered static_pages/root.html within layouts/application (0.5ms)
Completed 200 OK in 49ms (Views: 48.7ms | ActiveRecord: 0.0ms)


Started GET "/" for 127.0.0.1 at 2019-09-26 15:19:28 -0700
Processing by StaticPagesController#root as HTML
  Rendering static_pages/root.html within layouts/application
  Rendered static_pages/root.html within layouts/application (0.5ms)
Completed 200 OK in 100ms (Views: 99.3ms | ActiveRecord: 0.0ms)


Started GET "/" for 127.0.0.1 at 2019-09-26 15:20:34 -0700
Processing by StaticPagesController#root as HTML
  Rendering static_pages/root.html within layouts/application
  Rendered static_pages/root.html within layouts/application (0.3ms)
Completed 200 OK in 1217ms (Views: 1216.5ms | ActiveRecord: 0.0ms)


Started GET "/" for ::1 at 2019-09-26 15:23:22 -0700
Processing by StaticPagesController#root as HTML
  Rendering static_pages/root.html within layouts/application
  Rendered static_pages/root.html within layouts/application (1.1ms)
Completed 200 OK in 61ms (Views: 60.9ms | ActiveRecord: 0.0ms)


Started GET "/" for 127.0.0.1 at 2019-09-26 15:23:33 -0700
Processing by StaticPagesController#root as HTML
  Rendering static_pages/root.html within layouts/application
  Rendered static_pages/root.html within layouts/application (0.5ms)
Completed 200 OK in 52ms (Views: 51.5ms | ActiveRecord: 0.0ms)


Started GET "/" for ::1 at 2019-09-26 15:24:01 -0700
Processing by StaticPagesController#root as HTML
  Rendering static_pages/root.html within layouts/application
  Rendered static_pages/root.html within layouts/application (0.5ms)
Completed 200 OK in 67ms (Views: 66.9ms | ActiveRecord: 0.0ms)


Started GET "/" for 127.0.0.1 at 2019-09-26 15:25:22 -0700
Processing by StaticPagesController#root as HTML
  Rendering static_pages/root.html within layouts/application
  Rendered static_pages/root.html within layouts/application (0.3ms)
Completed 200 OK in 56ms (Views: 55.5ms | ActiveRecord: 0.0ms)


Started GET "/" for ::1 at 2019-09-26 15:25:35 -0700
Processing by StaticPagesController#root as HTML
  Rendering static_pages/root.html within layouts/application
  Rendered static_pages/root.html within layouts/application (0.4ms)
Completed 200 OK in 112ms (Views: 111.3ms | ActiveRecord: 0.0ms)


Started GET "/" for 127.0.0.1 at 2019-09-26 15:25:47 -0700
Processing by StaticPagesController#root as HTML
  Rendering static_pages/root.html within layouts/application
  Rendered static_pages/root.html within layouts/application (0.2ms)
Completed 200 OK in 41ms (Views: 40.3ms | ActiveRecord: 0.0ms)


Started GET "/" for 127.0.0.1 at 2019-09-26 15:26:15 -0700
Processing by StaticPagesController#root as HTML
  Rendering static_pages/root.html within layouts/application
  Rendered static_pages/root.html within layouts/application (0.4ms)
Completed 200 OK in 533ms (Views: 532.8ms | ActiveRecord: 0.0ms)


Started GET "/api/todos" for 127.0.0.1 at 2019-09-26 15:26:29 -0700

SyntaxError - syntax error, unexpected end-of-input, expecting keyword_end:
  app/controllers/api/todos_controller.rb:34:in `'

Started GET "/" for 127.0.0.1 at 2019-09-26 15:29:39 -0700
Processing by StaticPagesController#root as HTML
  Rendering static_pages/root.html within layouts/application
  Rendered static_pages/root.html within layouts/application (0.2ms)
Completed 200 OK in 61ms (Views: 60.2ms | ActiveRecord: 0.0ms)


Started GET "/api/todos" for 127.0.0.1 at 2019-09-26 15:29:43 -0700
Processing by Api::TodosController#index as JSON
  [1m[36mTodo Load (2.6ms)[0m  [1m[34mSELECT "todos".* FROM "todos"[0m
  ↳ app/controllers/api/todos_controller.rb:8
Completed 200 OK in 15ms (Views: 2.3ms | ActiveRecord: 8.3ms)


  [1m[36mTodo Load (0.7ms)[0m  [1m[34mSELECT "todos".* FROM "todos"[0m
  [1m[35m (0.2ms)[0m  [1m[35mBEGIN[0m
  [1m[36mTodo Create (23.6ms)[0m  [1m[32mINSERT INTO "todos" ("title", "body", "done", "created_at", "updated_at") VALUES ($1, $2, $3, $4, $5) RETURNING "id"[0m  [["title", "Please work"], ["body", "Im begging to work"], ["done", false], ["created_at", "2019-09-26 22:32:01.857446"], ["updated_at", "2019-09-26 22:32:01.857446"]]
  [1m[35m (0.7ms)[0m  [1m[35mCOMMIT[0m
Started GET "/" for 127.0.0.1 at 2019-09-26 15:32:08 -0700
Processing by StaticPagesController#root as HTML
  Rendering static_pages/root.html within layouts/application
  Rendered static_pages/root.html within layouts/application (0.6ms)
Completed 200 OK in 50ms (Views: 49.3ms | ActiveRecord: 0.0ms)


  [1m[36mTodo Load (0.5ms)[0m  [1m[34mSELECT "todos".* FROM "todos"[0m
Started GET "/api/todos" for 127.0.0.1 at 2019-09-26 15:32:11 -0700
Processing by Api::TodosController#index as JSON
  [1m[36mTodo Load (2.0ms)[0m  [1m[34mSELECT "todos".* FROM "todos"[0m
  ↳ app/controllers/api/todos_controller.rb:8
Completed 200 OK in 56ms (Views: 35.9ms | ActiveRecord: 19.6ms)


Started GET "/api/todos" for 127.0.0.1 at 2019-09-26 15:32:59 -0700
Processing by Api::TodosController#index as JSON
  [1m[36mTodo Load (0.4ms)[0m  [1m[34mSELECT "todos".* FROM "todos"[0m
  ↳ app/controllers/api/todos_controller.rb:8
Completed 200 OK in 19ms (Views: 0.1ms | ActiveRecord: 8.1ms)


Started GET "/" for 127.0.0.1 at 2019-09-26 15:33:00 -0700
Processing by StaticPagesController#root as HTML
  Rendering static_pages/root.html within layouts/application
  Rendered static_pages/root.html within layouts/application (0.4ms)
Completed 200 OK in 41ms (Views: 40.2ms | ActiveRecord: 0.0ms)


Started GET "/api/todos" for 127.0.0.1 at 2019-09-26 15:33:03 -0700
Processing by Api::TodosController#index as JSON
  [1m[36mTodo Load (0.7ms)[0m  [1m[34mSELECT "todos".* FROM "todos"[0m
  ↳ app/controllers/api/todos_controller.rb:8
Completed 200 OK in 4ms (Views: 0.4ms | ActiveRecord: 0.7ms)


Started GET "/" for 127.0.0.1 at 2019-09-26 15:34:07 -0700
Processing by StaticPagesController#root as HTML
  Rendering static_pages/root.html within layouts/application
  Rendered static_pages/root.html within layouts/application (0.3ms)
Completed 200 OK in 34ms (Views: 34.1ms | ActiveRecord: 0.0ms)


Started GET "/api/todos" for 127.0.0.1 at 2019-09-26 15:34:10 -0700
Processing by Api::TodosController#index as JSON
  [1m[36mTodo Load (0.4ms)[0m  [1m[34mSELECT "todos".* FROM "todos"[0m
  ↳ app/controllers/api/todos_controller.rb:8
Completed 200 OK in 22ms (Views: 0.2ms | ActiveRecord: 10.1ms)


Started GET "/" for 127.0.0.1 at 2019-09-26 15:35:33 -0700
Processing by StaticPagesController#root as HTML
  Rendering static_pages/root.html within layouts/application
  Rendered static_pages/root.html within layouts/application (0.4ms)
Completed 200 OK in 49ms (Views: 48.6ms | ActiveRecord: 0.0ms)


Started GET "/api/todos" for 127.0.0.1 at 2019-09-26 15:35:36 -0700
Processing by Api::TodosController#index as JSON
  [1m[36mTodo Load (0.4ms)[0m  [1m[34mSELECT "todos".* FROM "todos"[0m
  ↳ app/controllers/api/todos_controller.rb:8
Completed 200 OK in 27ms (Views: 11.4ms | ActiveRecord: 9.6ms)


Started GET "/" for 127.0.0.1 at 2019-09-26 15:36:24 -0700
Processing by StaticPagesController#root as HTML
  Rendering static_pages/root.html within layouts/application
  Rendered static_pages/root.html within layouts/application (1.5ms)
Completed 200 OK in 645ms (Views: 645.1ms | ActiveRecord: 0.0ms)


Started GET "/api/todos" for 127.0.0.1 at 2019-09-26 15:36:27 -0700
Processing by Api::TodosController#index as JSON
  [1m[36mTodo Load (0.6ms)[0m  [1m[34mSELECT "todos".* FROM "todos"[0m
  ↳ app/controllers/api/todos_controller.rb:8
Completed 200 OK in 3ms (Views: 2.2ms | ActiveRecord: 0.6ms)


Started GET "/" for ::1 at 2019-09-26 15:56:15 -0700
Processing by StaticPagesController#root as HTML
  Rendering static_pages/root.html within layouts/application
  Rendered static_pages/root.html within layouts/application (0.6ms)
Completed 200 OK in 1295ms (Views: 1295.0ms | ActiveRecord: 0.0ms)


Started GET "/api/todos" for ::1 at 2019-09-26 16:03:00 -0700
Processing by Api::TodosController#index as JSON
  [1m[36mTodo Load (8.6ms)[0m  [1m[34mSELECT "todos".* FROM "todos"[0m
  ↳ app/controllers/api/todos_controller.rb:8
Completed 200 OK in 13ms (Views: 3.7ms | ActiveRecord: 8.6ms)


Started GET "/api/todos" for ::1 at 2019-09-26 16:04:39 -0700
Processing by Api::TodosController#index as JSON
  [1m[36mTodo Load (3.1ms)[0m  [1m[34mSELECT "todos".* FROM "todos"[0m
  ↳ app/controllers/api/todos_controller.rb:8
Completed 200 OK in 6ms (Views: 2.2ms | ActiveRecord: 3.1ms)


Started GET "/" for ::1 at 2019-09-26 16:04:42 -0700
Processing by StaticPagesController#root as HTML
  Rendering static_pages/root.html within layouts/application
  Rendered static_pages/root.html within layouts/application (0.4ms)
Completed 200 OK in 1274ms (Views: 1273.6ms | ActiveRecord: 0.0ms)


Started GET "/api/todos" for ::1 at 2019-09-26 16:04:48 -0700
Processing by Api::TodosController#index as JSON
  [1m[36mTodo Load (11.8ms)[0m  [1m[34mSELECT "todos".* FROM "todos"[0m
  ↳ app/controllers/api/todos_controller.rb:8
Completed 200 OK in 17ms (Views: 4.9ms | ActiveRecord: 11.8ms)


Started GET "/" for ::1 at 2019-09-26 16:06:27 -0700
Processing by StaticPagesController#root as HTML
  Rendering static_pages/root.html within layouts/application
  Rendered static_pages/root.html within layouts/application (0.6ms)
Completed 200 OK in 1770ms (Views: 1769.1ms | ActiveRecord: 0.0ms)


Started GET "/api/todos" for ::1 at 2019-09-26 16:06:32 -0700
Processing by Api::TodosController#index as JSON
  [1m[36mTodo Load (1.1ms)[0m  [1m[34mSELECT "todos".* FROM "todos"[0m
  ↳ app/controllers/api/todos_controller.rb:8
Completed 200 OK in 7ms (Views: 5.4ms | ActiveRecord: 1.1ms)


Started GET "/api/todos" for ::1 at 2019-09-26 16:06:35 -0700
Processing by Api::TodosController#index as JSON
  [1m[36mTodo Load (5.8ms)[0m  [1m[34mSELECT "todos".* FROM "todos"[0m
  ↳ app/controllers/api/todos_controller.rb:8
Completed 200 OK in 11ms (Views: 4.5ms | ActiveRecord: 5.8ms)


Started GET "/" for ::1 at 2019-09-26 16:09:56 -0700
Processing by StaticPagesController#root as HTML
  Rendering static_pages/root.html within layouts/application
  Rendered static_pages/root.html within layouts/application (1.5ms)
Completed 200 OK in 585ms (Views: 584.8ms | ActiveRecord: 0.0ms)


Started GET "/api/todos" for ::1 at 2019-09-26 16:09:58 -0700
Processing by Api::TodosController#index as JSON
  [1m[36mTodo Load (0.6ms)[0m  [1m[34mSELECT "todos".* FROM "todos"[0m
  ↳ app/controllers/api/todos_controller.rb:8
Completed 200 OK in 3ms (Views: 1.9ms | ActiveRecord: 0.6ms)


Started GET "/api/todos" for ::1 at 2019-09-26 16:10:00 -0700
Processing by Api::TodosController#index as JSON
  [1m[36mTodo Load (2.2ms)[0m  [1m[34mSELECT "todos".* FROM "todos"[0m
  ↳ app/controllers/api/todos_controller.rb:8
Completed 200 OK in 4ms (Views: 1.6ms | ActiveRecord: 2.2ms)


Started GET "/" for 127.0.0.1 at 2019-09-26 16:10:11 -0700
Processing by StaticPagesController#root as HTML
  Rendering static_pages/root.html within layouts/application
  Rendered static_pages/root.html within layouts/application (0.7ms)
Completed 200 OK in 29ms (Views: 28.3ms | ActiveRecord: 0.0ms)


Started GET "/api/todos" for 127.0.0.1 at 2019-09-26 16:10:13 -0700
Processing by Api::TodosController#index as JSON
  [1m[36mTodo Load (0.4ms)[0m  [1m[34mSELECT "todos".* FROM "todos"[0m
  ↳ app/controllers/api/todos_controller.rb:8
Completed 200 OK in 2ms (Views: 1.7ms | ActiveRecord: 0.4ms)


Started GET "/" for 127.0.0.1 at 2019-09-26 16:17:46 -0700
Processing by StaticPagesController#root as HTML
  Rendering static_pages/root.html within layouts/application
  Rendered static_pages/root.html within layouts/application (11.5ms)
Completed 200 OK in 1272ms (Views: 1271.8ms | ActiveRecord: 0.0ms)


Started GET "/api/todos" for 127.0.0.1 at 2019-09-26 16:17:49 -0700
Processing by Api::TodosController#index as JSON
  [1m[36mTodo Load (4.0ms)[0m  [1m[34mSELECT "todos".* FROM "todos"[0m
  ↳ app/controllers/api/todos_controller.rb:8
Completed 200 OK in 12ms (Views: 6.9ms | ActiveRecord: 4.0ms)


Started POST "/api/todos" for 127.0.0.1 at 2019-09-26 16:17:55 -0700
Processing by Api::TodosController#create as JSON
Completed 400 Bad Request in 3ms (ActiveRecord: 0.0ms)



ActionController::ParameterMissing - param is missing or the value is empty: todo:
  app/controllers/api/todos_controller.rb:39:in `todo_params'
  app/controllers/api/todos_controller.rb:12:in `create'

Started GET "/" for 127.0.0.1 at 2019-09-26 16:19:05 -0700
Processing by StaticPagesController#root as HTML
  Rendering static_pages/root.html within layouts/application
  Rendered static_pages/root.html within layouts/application (0.5ms)
Completed 200 OK in 1078ms (Views: 1077.6ms | ActiveRecord: 0.0ms)


Started GET "/api/todos" for 127.0.0.1 at 2019-09-26 16:19:07 -0700
Processing by Api::TodosController#index as JSON
  [1m[36mTodo Load (9.6ms)[0m  [1m[34mSELECT "todos".* FROM "todos"[0m
  ↳ app/controllers/api/todos_controller.rb:8
Completed 200 OK in 12ms (Views: 2.3ms | ActiveRecord: 9.6ms)


Started POST "/api/todos" for 127.0.0.1 at 2019-09-26 16:20:07 -0700
Processing by Api::TodosController#create as JSON
Completed 400 Bad Request in 2ms (ActiveRecord: 0.0ms)



ActionController::ParameterMissing - param is missing or the value is empty: todo:
  app/controllers/api/todos_controller.rb:39:in `todo_params'
  app/controllers/api/todos_controller.rb:12:in `create'

Started GET "/" for ::1 at 2019-09-26 16:28:08 -0700
Processing by StaticPagesController#root as HTML
  Rendering static_pages/root.html within layouts/application
  Rendered static_pages/root.html within layouts/application (0.3ms)
Completed 200 OK in 559ms (Views: 558.7ms | ActiveRecord: 0.0ms)


Started GET "/api/todos" for ::1 at 2019-09-26 16:28:10 -0700
Processing by Api::TodosController#index as JSON
  [1m[36mTodo Load (0.9ms)[0m  [1m[34mSELECT "todos".* FROM "todos"[0m
  ↳ app/controllers/api/todos_controller.rb:8
Completed 200 OK in 3ms (Views: 2.0ms | ActiveRecord: 0.9ms)


Started POST "/api/todos" for ::1 at 2019-09-26 16:28:31 -0700
Processing by Api::TodosController#create as JSON
Completed 400 Bad Request in 2ms (ActiveRecord: 0.0ms)



ActionController::ParameterMissing - param is missing or the value is empty: todo:
  app/controllers/api/todos_controller.rb:39:in `todo_params'
  app/controllers/api/todos_controller.rb:12:in `create'

Started GET "/" for ::1 at 2019-09-26 16:29:38 -0700
Processing by StaticPagesController#root as HTML
  Rendering static_pages/root.html within layouts/application
  Rendered static_pages/root.html within layouts/application (0.3ms)
Completed 200 OK in 1287ms (Views: 1286.6ms | ActiveRecord: 0.0ms)


Started GET "/api/todos" for ::1 at 2019-09-26 16:29:41 -0700
Processing by Api::TodosController#index as JSON
  [1m[36mTodo Load (0.6ms)[0m  [1m[34mSELECT "todos".* FROM "todos"[0m
  ↳ app/controllers/api/todos_controller.rb:8
Completed 200 OK in 3ms (Views: 2.2ms | ActiveRecord: 0.6ms)


Started POST "/api/todos" for ::1 at 2019-09-26 16:30:00 -0700
Processing by Api::TodosController#create as JSON
Completed 400 Bad Request in 2ms (ActiveRecord: 0.0ms)



ActionController::ParameterMissing - param is missing or the value is empty: todo:
  app/controllers/api/todos_controller.rb:39:in `todo_params'
  app/controllers/api/todos_controller.rb:12:in `create'

Started GET "/" for ::1 at 2019-09-26 16:34:49 -0700
Processing by StaticPagesController#root as HTML
  Rendering static_pages/root.html within layouts/application
  Rendered static_pages/root.html within layouts/application (0.5ms)
Completed 200 OK in 1274ms (Views: 1274.2ms | ActiveRecord: 0.0ms)


Started GET "/api/todos" for ::1 at 2019-09-26 16:35:02 -0700
Processing by Api::TodosController#index as JSON
  [1m[36mTodo Load (2.6ms)[0m  [1m[34mSELECT "todos".* FROM "todos"[0m
  ↳ app/controllers/api/todos_controller.rb:8
Completed 200 OK in 5ms (Views: 1.9ms | ActiveRecord: 2.6ms)


Started POST "/api/todos" for ::1 at 2019-09-26 16:35:16 -0700
Processing by Api::TodosController#create as JSON
Completed 400 Bad Request in 3ms (ActiveRecord: 0.0ms)



ActionController::ParameterMissing - param is missing or the value is empty: todo:
  app/controllers/api/todos_controller.rb:39:in `todo_params'
  app/controllers/api/todos_controller.rb:12:in `create'

Started GET "/" for ::1 at 2019-09-26 18:47:26 -0500

PG::ConnectionBad - FATAL:  database "todo_development" does not exist
:

Started POST "/__better_errors/1553a3b68bfc01a6/variables" for ::1 at 2019-09-26 18:47:27 -0500
Started GET "/" for ::1 at 2019-09-26 18:47:37 -0500

PG::ConnectionBad - FATAL:  database "todo_development" does not exist
:

Started POST "/__better_errors/f9d6348d2f3f1bbd/variables" for ::1 at 2019-09-26 18:47:37 -0500
  [1m[35m (564.4ms)[0m  [1m[35mCREATE DATABASE "todo_development" ENCODING = 'unicode'[0m
  ↳ bin/rails:9
  [1m[35m (453.5ms)[0m  [1m[35mCREATE DATABASE "todo_test" ENCODING = 'unicode'[0m
  ↳ bin/rails:9
Started GET "/" for ::1 at 2019-09-26 18:48:05 -0500

ActiveRecord::PendingMigrationError - Migrations are pending. To resolve this issue, run:

        bin/rails db:migrate RAILS_ENV=development

:

Started POST "/__better_errors/78335d8fe348fc3c/variables" for ::1 at 2019-09-26 18:48:05 -0500
  [1m[35m (7.4ms)[0m  [1m[35mCREATE TABLE "schema_migrations" ("version" character varying NOT NULL PRIMARY KEY)[0m
  ↳ bin/rails:9
  [1m[35m (42.6ms)[0m  [1m[35mCREATE TABLE "ar_internal_metadata" ("key" character varying NOT NULL PRIMARY KEY, "value" character varying, "created_at" timestamp NOT NULL, "updated_at" timestamp NOT NULL)[0m
  ↳ bin/rails:9
  [1m[35m (0.3ms)[0m  [1m[34mSELECT pg_try_advisory_lock(5790848985702910395)[0m
  ↳ bin/rails:9
  [1m[35m (0.6ms)[0m  [1m[34mSELECT "schema_migrations"."version" FROM "schema_migrations" ORDER BY "schema_migrations"."version" ASC[0m
  ↳ bin/rails:9
Migrating to CreateTodos (20190926215201)
  [1m[35m (0.1ms)[0m  [1m[35mBEGIN[0m
  ↳ bin/rails:9
  [1m[35m (45.1ms)[0m  [1m[35mCREATE TABLE "todos" ("id" bigserial primary key, "title" character varying NOT NULL, "body" character varying NOT NULL, "done" boolean NOT NULL, "created_at" timestamp NOT NULL, "updated_at" timestamp NOT NULL)[0m
  ↳ db/migrate/20190926215201_create_todos.rb:3
  [1m[36mActiveRecord::SchemaMigration Create (0.6ms)[0m  [1m[32mINSERT INTO "schema_migrations" ("version") VALUES ($1) RETURNING "version"[0m  [["version", "20190926215201"]]
  ↳ bin/rails:9
  [1m[35m (0.4ms)[0m  [1m[35mCOMMIT[0m
  ↳ bin/rails:9
  [1m[36mActiveRecord::InternalMetadata Load (0.7ms)[0m  [1m[34mSELECT  "ar_internal_metadata".* FROM "ar_internal_metadata" WHERE "ar_internal_metadata"."key" = $1 LIMIT $2[0m  [["key", "environment"], ["LIMIT", 1]]
  ↳ bin/rails:9
  [1m[35m (0.2ms)[0m  [1m[35mBEGIN[0m
  ↳ bin/rails:9
  [1m[36mActiveRecord::InternalMetadata Create (0.5ms)[0m  [1m[32mINSERT INTO "ar_internal_metadata" ("key", "value", "created_at", "updated_at") VALUES ($1, $2, $3, $4) RETURNING "key"[0m  [["key", "environment"], ["value", "development"], ["created_at", "2019-09-26 23:48:22.126724"], ["updated_at", "2019-09-26 23:48:22.126724"]]
  ↳ bin/rails:9
  [1m[35m (39.5ms)[0m  [1m[35mCOMMIT[0m
  ↳ bin/rails:9
  [1m[35m (0.4ms)[0m  [1m[34mSELECT pg_advisory_unlock(5790848985702910395)[0m
  ↳ bin/rails:9
  [1m[35m (0.3ms)[0m  [1m[34mSELECT "schema_migrations"."version" FROM "schema_migrations" ORDER BY "schema_migrations"."version" ASC[0m
  ↳ bin/rails:9
Started GET "/" for ::1 at 2019-09-26 18:48:42 -0500
  [1m[35m (1.0ms)[0m  [1m[34mSELECT "schema_migrations"."version" FROM "schema_migrations" ORDER BY "schema_migrations"."version" ASC[0m
  ↳ /Users/destinyrose/.rbenv/versions/2.5.1/lib/ruby/gems/2.5.0/gems/activerecord-5.2.3/lib/active_record/log_subscriber.rb:98
Processing by StaticPagesController#root as HTML
  Rendering static_pages/root.html within layouts/application
  Rendered static_pages/root.html within layouts/application (2.2ms)
Completed 200 OK in 1581ms (Views: 1580.9ms | ActiveRecord: 0.0ms)


Started GET "/api/todos" for ::1 at 2019-09-26 18:48:48 -0500
Processing by Api::TodosController#index as JSON
  [1m[36mTodo Load (10.5ms)[0m  [1m[34mSELECT "todos".* FROM "todos"[0m
  ↳ app/controllers/api/todos_controller.rb:8
Completed 200 OK in 33ms (Views: 9.2ms | ActiveRecord: 21.1ms)


Started POST "/api/todos" for ::1 at 2019-09-26 18:48:56 -0500
Processing by Api::TodosController#create as JSON
Completed 400 Bad Request in 2ms (ActiveRecord: 0.0ms)



ActionController::ParameterMissing - param is missing or the value is empty: todo:
  app/controllers/api/todos_controller.rb:39:in `todo_params'
  app/controllers/api/todos_controller.rb:12:in `create'

Started GET "/" for ::1 at 2019-09-26 18:49:44 -0500
Processing by StaticPagesController#root as HTML
  Rendering static_pages/root.html within layouts/application
  Rendered static_pages/root.html within layouts/application (0.3ms)
Completed 200 OK in 27ms (Views: 26.7ms | ActiveRecord: 0.0ms)


Started GET "/api/todos" for ::1 at 2019-09-26 18:49:46 -0500
Processing by Api::TodosController#index as JSON
  [1m[36mTodo Load (0.4ms)[0m  [1m[34mSELECT "todos".* FROM "todos"[0m
  ↳ app/controllers/api/todos_controller.rb:8
Completed 200 OK in 2ms (Views: 0.8ms | ActiveRecord: 0.4ms)


Started POST "/api/todos" for ::1 at 2019-09-26 18:50:07 -0500
Processing by Api::TodosController#create as JSON
Completed 400 Bad Request in 1ms (ActiveRecord: 0.0ms)



ActionController::ParameterMissing - param is missing or the value is empty: todo:
  app/controllers/api/todos_controller.rb:39:in `todo_params'
  app/controllers/api/todos_controller.rb:12:in `create'

Started POST "/api/todos" for ::1 at 2019-09-26 18:52:42 -0500
Processing by Api::TodosController#create as JSON
Completed 400 Bad Request in 1ms (ActiveRecord: 0.0ms)



ActionController::ParameterMissing - param is missing or the value is empty: todo:
  app/controllers/api/todos_controller.rb:39:in `todo_params'
  app/controllers/api/todos_controller.rb:12:in `create'

Started GET "/" for ::1 at 2019-09-26 19:41:06 -0500
  [1m[35m (0.7ms)[0m  [1m[34mSELECT "schema_migrations"."version" FROM "schema_migrations" ORDER BY "schema_migrations"."version" ASC[0m
  ↳ /Users/destinyrose/.rbenv/versions/2.5.1/lib/ruby/gems/2.5.0/gems/activerecord-5.2.3/lib/active_record/log_subscriber.rb:98
Processing by StaticPagesController#root as HTML
  Rendering static_pages/root.html within layouts/application
  Rendered static_pages/root.html within layouts/application (0.8ms)
Completed 200 OK in 670ms (Views: 670.2ms | ActiveRecord: 0.0ms)


Started GET "/api/todos" for ::1 at 2019-09-26 19:41:07 -0500
Processing by Api::TodosController#index as JSON
  [1m[36mTodo Load (14.0ms)[0m  [1m[34mSELECT "todos".* FROM "todos"[0m
  ↳ app/controllers/api/todos_controller.rb:8
Completed 200 OK in 46ms (Views: 1.6ms | ActiveRecord: 42.3ms)


Started POST "/api/todos" for ::1 at 2019-09-26 19:43:41 -0500
Processing by Api::TodosController#create as JSON
Completed 400 Bad Request in 1ms (ActiveRecord: 0.0ms)



ActionController::ParameterMissing - param is missing or the value is empty: todo:
  app/controllers/api/todos_controller.rb:39:in `todo_params'
  app/controllers/api/todos_controller.rb:12:in `create'

Started GET "/" for ::1 at 2019-09-26 19:43:44 -0500
Processing by StaticPagesController#root as HTML
  Rendering static_pages/root.html within layouts/application
  Rendered static_pages/root.html within layouts/application (0.2ms)
Completed 200 OK in 20ms (Views: 20.2ms | ActiveRecord: 0.0ms)


Started GET "/api/todos" for ::1 at 2019-09-26 19:43:48 -0500
Processing by Api::TodosController#index as JSON
  [1m[36mTodo Load (44.9ms)[0m  [1m[34mSELECT "todos".* FROM "todos"[0m
  ↳ app/controllers/api/todos_controller.rb:8
Completed 200 OK in 46ms (Views: 0.7ms | ActiveRecord: 44.9ms)


Started GET "/" for ::1 at 2019-09-26 19:45:03 -0500
  [1m[35m (0.7ms)[0m  [1m[34mSELECT "schema_migrations"."version" FROM "schema_migrations" ORDER BY "schema_migrations"."version" ASC[0m
  ↳ /Users/destinyrose/.rbenv/versions/2.5.1/lib/ruby/gems/2.5.0/gems/activerecord-5.2.3/lib/active_record/log_subscriber.rb:98
Processing by StaticPagesController#root as HTML
  Rendering static_pages/root.html within layouts/application
  Rendered static_pages/root.html within layouts/application (1.2ms)
Completed 200 OK in 650ms (Views: 649.4ms | ActiveRecord: 0.0ms)


Started GET "/api/todos" for ::1 at 2019-09-26 19:45:08 -0500
Processing by Api::TodosController#index as JSON
  [1m[36mTodo Load (0.6ms)[0m  [1m[34mSELECT "todos".* FROM "todos"[0m
  ↳ app/controllers/api/todos_controller.rb:8
Completed 200 OK in 6ms (Views: 1.3ms | ActiveRecord: 2.3ms)


Started POST "/api/todos" for ::1 at 2019-09-26 19:46:52 -0500
  [1m[35m (0.7ms)[0m  [1m[34mSELECT "schema_migrations"."version" FROM "schema_migrations" ORDER BY "schema_migrations"."version" ASC[0m
  ↳ /Users/destinyrose/.rbenv/versions/2.5.1/lib/ruby/gems/2.5.0/gems/activerecord-5.2.3/lib/active_record/log_subscriber.rb:98
Processing by Api::TodosController#create as JSON
Completed 400 Bad Request in 12ms (ActiveRecord: 0.0ms)



ActionController::ParameterMissing - param is missing or the value is empty: todo:
  app/controllers/api/todos_controller.rb:39:in `todo_params'
  app/controllers/api/todos_controller.rb:12:in `create'

Started POST "/api/todos" for ::1 at 2019-09-26 19:48:11 -0500
Processing by Api::TodosController#create as JSON
Completed 400 Bad Request in 1ms (ActiveRecord: 0.0ms)



ActionController::ParameterMissing - param is missing or the value is empty: todo:
  app/controllers/api/todos_controller.rb:39:in `todo_params'
  app/controllers/api/todos_controller.rb:12:in `create'

Started GET "/" for ::1 at 2019-09-26 19:48:14 -0500
Processing by StaticPagesController#root as HTML
  Rendering static_pages/root.html within layouts/application
  Rendered static_pages/root.html within layouts/application (0.8ms)
Completed 200 OK in 1078ms (Views: 1077.7ms | ActiveRecord: 0.0ms)


Started GET "/api/todos" for ::1 at 2019-09-26 19:48:17 -0500
Processing by Api::TodosController#index as JSON
  [1m[36mTodo Load (7.1ms)[0m  [1m[34mSELECT "todos".* FROM "todos"[0m
  ↳ app/controllers/api/todos_controller.rb:8
Completed 200 OK in 11ms (Views: 1.4ms | ActiveRecord: 9.5ms)


Started POST "/api/todos" for ::1 at 2019-09-26 19:48:22 -0500
Processing by Api::TodosController#create as JSON
  Parameters: {"todo"=>{"title"=>"test1", "body"=>"fghdfhdfh", "done"=>"false", "id"=>"1569545302426"}}
Unpermitted parameter: :id
  [1m[35m (0.3ms)[0m  [1m[35mBEGIN[0m
  ↳ app/controllers/api/todos_controller.rb:13
  [1m[36mTodo Create (2.0ms)[0m  [1m[32mINSERT INTO "todos" ("title", "body", "done", "created_at", "updated_at") VALUES ($1, $2, $3, $4, $5) RETURNING "id"[0m  [["title", "test1"], ["body", "fghdfhdfh"], ["done", false], ["created_at", "2019-09-27 00:48:22.442914"], ["updated_at", "2019-09-27 00:48:22.442914"]]
  ↳ app/controllers/api/todos_controller.rb:13
  [1m[35m (40.0ms)[0m  [1m[35mCOMMIT[0m
  ↳ app/controllers/api/todos_controller.rb:13
Completed 200 OK in 56ms (Views: 0.4ms | ActiveRecord: 47.9ms)


Started GET "/" for ::1 at 2019-09-26 19:49:52 -0500
  [1m[35m (1.1ms)[0m  [1m[34mSELECT "schema_migrations"."version" FROM "schema_migrations" ORDER BY "schema_migrations"."version" ASC[0m
  ↳ /Users/destinyrose/.rbenv/versions/2.5.1/lib/ruby/gems/2.5.0/gems/activerecord-5.2.3/lib/active_record/log_subscriber.rb:98
Processing by StaticPagesController#root as HTML
  Rendering static_pages/root.html within layouts/application
  Rendered static_pages/root.html within layouts/application (1.0ms)
Completed 200 OK in 687ms (Views: 686.4ms | ActiveRecord: 0.0ms)


Started GET "/api/todos" for ::1 at 2019-09-26 19:49:56 -0500
Processing by Api::TodosController#index as JSON
  [1m[36mTodo Load (11.5ms)[0m  [1m[34mSELECT "todos".* FROM "todos"[0m
  ↳ app/controllers/api/todos_controller.rb:8
Completed 200 OK in 27ms (Views: 6.5ms | ActiveRecord: 18.5ms)


Started POST "/api/todos" for ::1 at 2019-09-26 19:50:15 -0500
Processing by Api::TodosController#create as JSON
  Parameters: {"todo"=>{"title"=>"test2", "body"=>"dfhdfhdfhdfhdfh", "done"=>"false", "id"=>"1569545415535"}}
Unpermitted parameter: :id
  [1m[35m (0.2ms)[0m  [1m[35mBEGIN[0m
  ↳ app/controllers/api/todos_controller.rb:13
  [1m[36mTodo Create (0.6ms)[0m  [1m[32mINSERT INTO "todos" ("title", "body", "done", "created_at", "updated_at") VALUES ($1, $2, $3, $4, $5) RETURNING "id"[0m  [["title", "test2"], ["body", "dfhdfhdfhdfhdfh"], ["done", false], ["created_at", "2019-09-27 00:50:15.547161"], ["updated_at", "2019-09-27 00:50:15.547161"]]
  ↳ app/controllers/api/todos_controller.rb:13
  [1m[35m (39.6ms)[0m  [1m[35mCOMMIT[0m
  ↳ app/controllers/api/todos_controller.rb:13
Completed 200 OK in 44ms (Views: 0.4ms | ActiveRecord: 40.4ms)


Started GET "/" for ::1 at 2019-09-26 19:52:40 -0500
Processing by StaticPagesController#root as HTML
  Rendering static_pages/root.html within layouts/application
  Rendered static_pages/root.html within layouts/application (0.2ms)
Completed 200 OK in 327ms (Views: 326.7ms | ActiveRecord: 0.0ms)


Started GET "/api/todos" for ::1 at 2019-09-26 19:52:43 -0500
Processing by Api::TodosController#index as JSON
  [1m[36mTodo Load (21.5ms)[0m  [1m[34mSELECT "todos".* FROM "todos"[0m
  ↳ app/controllers/api/todos_controller.rb:8
Completed 200 OK in 23ms (Views: 1.5ms | ActiveRecord: 21.5ms)


Started POST "/api/todos" for ::1 at 2019-09-26 19:52:54 -0500
Processing by Api::TodosController#create as JSON
  Parameters: {"todo"=>{"title"=>"test3", "body"=>"flerp aroubnd", "done"=>"false", "id"=>"1569545574767"}}
Unpermitted parameter: :id
  [1m[35m (0.6ms)[0m  [1m[35mBEGIN[0m
  ↳ app/controllers/api/todos_controller.rb:13
  [1m[36mTodo Create (0.4ms)[0m  [1m[32mINSERT INTO "todos" ("title", "body", "done", "created_at", "updated_at") VALUES ($1, $2, $3, $4, $5) RETURNING "id"[0m  [["title", "test3"], ["body", "flerp aroubnd"], ["done", false], ["created_at", "2019-09-27 00:52:54.774345"], ["updated_at", "2019-09-27 00:52:54.774345"]]
  ↳ app/controllers/api/todos_controller.rb:13
  [1m[35m (40.5ms)[0m  [1m[35mCOMMIT[0m
  ↳ app/controllers/api/todos_controller.rb:13
Completed 200 OK in 45ms (Views: 0.3ms | ActiveRecord: 41.6ms)


Started GET "/" for ::1 at 2019-09-26 19:59:03 -0500
Processing by StaticPagesController#root as HTML
  Rendering static_pages/root.html within layouts/application
  Rendered static_pages/root.html within layouts/application (0.3ms)
Completed 200 OK in 314ms (Views: 314.1ms | ActiveRecord: 0.0ms)


Started GET "/api/todos" for ::1 at 2019-09-26 19:59:06 -0500
Processing by Api::TodosController#index as JSON
  [1m[36mTodo Load (0.9ms)[0m  [1m[34mSELECT "todos".* FROM "todos"[0m
  ↳ app/controllers/api/todos_controller.rb:8
Completed 200 OK in 3ms (Views: 1.6ms | ActiveRecord: 0.9ms)


Started POST "/api/todos" for ::1 at 2019-09-26 19:59:12 -0500
Processing by Api::TodosController#create as JSON
  Parameters: {"title"=>"Optional title", "body"=>"sfdgfdjeteu", "done"=>"false", "id"=>"1569545952783"}
Completed 400 Bad Request in 1ms (ActiveRecord: 0.0ms)



ActionController::ParameterMissing - param is missing or the value is empty: todo:
  app/controllers/api/todos_controller.rb:39:in `todo_params'
  app/controllers/api/todos_controller.rb:12:in `create'

Started GET "/" for ::1 at 2019-09-26 20:00:47 -0500
Processing by StaticPagesController#root as HTML
  Rendering static_pages/root.html within layouts/application
  Rendered static_pages/root.html within layouts/application (0.2ms)
Completed 200 OK in 340ms (Views: 339.9ms | ActiveRecord: 0.0ms)


Started GET "/api/todos" for ::1 at 2019-09-26 20:00:49 -0500
Processing by Api::TodosController#index as JSON
  [1m[36mTodo Load (24.7ms)[0m  [1m[34mSELECT "todos".* FROM "todos"[0m
  ↳ app/controllers/api/todos_controller.rb:8
Completed 200 OK in 27ms (Views: 1.8ms | ActiveRecord: 24.7ms)


Started POST "/api/todos" for ::1 at 2019-09-26 20:00:55 -0500
Processing by Api::TodosController#create as JSON
  Parameters: {"todo"=>{"title"=>"Optional title", "body"=>"sfbadfjklsdfglkjsg", "done"=>"false", "id"=>"1569546055260"}}
Unpermitted parameter: :id
  [1m[35m (0.2ms)[0m  [1m[35mBEGIN[0m
  ↳ app/controllers/api/todos_controller.rb:13
  [1m[36mTodo Create (0.8ms)[0m  [1m[32mINSERT INTO "todos" ("title", "body", "done", "created_at", "updated_at") VALUES ($1, $2, $3, $4, $5) RETURNING "id"[0m  [["title", "Optional title"], ["body", "sfbadfjklsdfglkjsg"], ["done", false], ["created_at", "2019-09-27 01:00:55.267993"], ["updated_at", "2019-09-27 01:00:55.267993"]]
  ↳ app/controllers/api/todos_controller.rb:13
  [1m[35m (41.4ms)[0m  [1m[35mCOMMIT[0m
  ↳ app/controllers/api/todos_controller.rb:13
Completed 200 OK in 47ms (Views: 0.4ms | ActiveRecord: 42.4ms)


Started GET "/" for ::1 at 2019-09-26 20:01:50 -0500
Processing by StaticPagesController#root as HTML
  Rendering static_pages/root.html within layouts/application
  Rendered static_pages/root.html within layouts/application (0.2ms)
Completed 200 OK in 28ms (Views: 27.5ms | ActiveRecord: 0.0ms)


Started GET "/api/todos" for ::1 at 2019-09-26 20:01:52 -0500
Processing by Api::TodosController#index as JSON
  [1m[36mTodo Load (1.3ms)[0m  [1m[34mSELECT "todos".* FROM "todos"[0m
  ↳ app/controllers/api/todos_controller.rb:8
Completed 200 OK in 3ms (Views: 1.7ms | ActiveRecord: 1.3ms)


Started POST "/api/todos" for ::1 at 2019-09-26 20:01:57 -0500
Processing by Api::TodosController#create as JSON
  Parameters: {"todo"=>{"title"=>"sfhdjdghj", "body"=>"dfhdjdfhsdfery", "done"=>"false", "id"=>"1569546117626"}}
Unpermitted parameter: :id
  [1m[35m (2.0ms)[0m  [1m[35mBEGIN[0m
  ↳ app/controllers/api/todos_controller.rb:13
  [1m[36mTodo Create (0.6ms)[0m  [1m[32mINSERT INTO "todos" ("title", "body", "done", "created_at", "updated_at") VALUES ($1, $2, $3, $4, $5) RETURNING "id"[0m  [["title", "sfhdjdghj"], ["body", "dfhdjdfhsdfery"], ["done", false], ["created_at", "2019-09-27 01:01:57.634824"], ["updated_at", "2019-09-27 01:01:57.634824"]]
  ↳ app/controllers/api/todos_controller.rb:13
  [1m[35m (40.5ms)[0m  [1m[35mCOMMIT[0m
  ↳ app/controllers/api/todos_controller.rb:13
Completed 200 OK in 46ms (Views: 0.3ms | ActiveRecord: 43.1ms)


Started GET "/" for ::1 at 2019-09-26 20:02:07 -0500
Processing by StaticPagesController#root as HTML
  Rendering static_pages/root.html within layouts/application
  Rendered static_pages/root.html within layouts/application (0.2ms)
Completed 200 OK in 28ms (Views: 27.8ms | ActiveRecord: 0.0ms)


Started GET "/api/todos" for ::1 at 2019-09-26 20:02:09 -0500
Processing by Api::TodosController#index as JSON
  [1m[36mTodo Load (0.6ms)[0m  [1m[34mSELECT "todos".* FROM "todos"[0m
  ↳ app/controllers/api/todos_controller.rb:8
Completed 200 OK in 3ms (Views: 1.8ms | ActiveRecord: 0.6ms)


